android/app/build/intermediates/manifest_merge_blame_file/release/manifest-merger-blame-release-report.txt
1<?xml version="1.0" encoding="utf-8"?>
2<manifest xmlns:android="http://schemas.android.com/apk/res/android"
3    package="com.pelicandiscount"
4    android:versionCode="1"
5    android:versionName="1.0" >
6
7    <uses-sdk
8        android:minSdkVersion="16"
8-->src/main/AndroidManifest.xml
9        android:targetSdkVersion="28" />
9-->src/main/AndroidManifest.xml
10
11    <uses-permission android:name="android.permission.INTERNET" />
11-->src/main/AndroidManifest.xml:4:5-67
11-->src/main/AndroidManifest.xml:4:22-64
12    <uses-permission android:name="android.permission.CAMERA" />
12-->src/main/AndroidManifest.xml:5:5-64
12-->src/main/AndroidManifest.xml:5:22-62
13
14    <uses-feature
14-->src/main/AndroidManifest.xml:6:5-85
15        android:name="android.hardware.camera"
15-->src/main/AndroidManifest.xml:6:19-57
16        android:required="false" />
16-->src/main/AndroidManifest.xml:6:58-82
17    <uses-feature
17-->src/main/AndroidManifest.xml:7:5-91
18        android:name="android.hardware.camera.front"
18-->src/main/AndroidManifest.xml:7:19-63
19        android:required="false" />
19-->src/main/AndroidManifest.xml:7:64-88
20
21    <uses-permission android:name="android.permission.WAKE_LOCK" />
21-->[:react-native-firebase_auth] AndroidManifest.xml:12:5-68
21-->[:react-native-firebase_auth] AndroidManifest.xml:12:22-65
22    <uses-permission android:name="android.permission.ACCESS_NETWORK_STATE" />
22-->[:react-native-firebase_auth] AndroidManifest.xml:13:5-79
22-->[:react-native-firebase_auth] AndroidManifest.xml:13:22-76
23    <uses-permission android:name="android.permission.ACCESS_COARSE_LOCATION" />
23-->[:react-native-maps] AndroidManifest.xml:10:5-81
23-->[:react-native-maps] AndroidManifest.xml:10:22-78
24
25    <uses-feature
25-->[com.google.android.gms:play-services-maps:17.0.0] AndroidManifest.xml:26:5-28:35
26        android:glEsVersion="0x00020000"
26-->[com.google.android.gms:play-services-maps:17.0.0] AndroidManifest.xml:27:9-41
27        android:required="true" />
27-->[com.google.android.gms:play-services-maps:17.0.0] AndroidManifest.xml:28:9-32
28
29    <application
29-->src/main/AndroidManifest.xml:9:5-34:19
30        android:name="com.pelicandiscount.MainApplication"
30-->src/main/AndroidManifest.xml:10:7-38
31        android:allowBackup="false"
31-->src/main/AndroidManifest.xml:14:7-34
32        android:appComponentFactory="androidx.core.app.CoreComponentFactory"
32-->[androidx.core:core:1.1.0] AndroidManifest.xml:24:18-86
33        android:icon="@mipmap/ic_launcher"
33-->src/main/AndroidManifest.xml:12:7-41
34        android:label="@string/app_name"
34-->src/main/AndroidManifest.xml:11:7-39
35        android:roundIcon="@mipmap/ic_launcher_round"
35-->src/main/AndroidManifest.xml:13:7-52
36        android:theme="@style/AppTheme" >
36-->src/main/AndroidManifest.xml:15:7-38
37
38        <!-- You will only need to add this meta-data tag, but make sure it's a child of application -->
39        <meta-data
39-->src/main/AndroidManifest.xml:17:5-19:64
40            android:name="com.google.android.geo.API_KEY"
40-->src/main/AndroidManifest.xml:18:7-52
41            android:value="AIzaSyDHv9uXOh3qt0LRLEpy41vzqRwhsICgPag" />
41-->src/main/AndroidManifest.xml:19:7-62
42        <!-- process.env.MAP_API_KEY variable not workink -->
43        <activity
43-->src/main/AndroidManifest.xml:21:7-32:18
44            android:name="com.pelicandiscount.MainActivity"
44-->src/main/AndroidManifest.xml:22:9-37
45            android:configChanges="keyboard|keyboardHidden|orientation|screenSize|uiMode"
45-->src/main/AndroidManifest.xml:24:9-86
46            android:label="@string/app_name"
46-->src/main/AndroidManifest.xml:23:9-41
47            android:launchMode="singleTask"
47-->src/main/AndroidManifest.xml:25:9-40
48            android:screenOrientation="portrait" >
48-->src/main/AndroidManifest.xml:27:9-45
49            <intent-filter>
49-->src/main/AndroidManifest.xml:28:9-31:25
50                <action android:name="android.intent.action.MAIN" />
50-->src/main/AndroidManifest.xml:29:13-65
50-->src/main/AndroidManifest.xml:29:21-62
51
52                <category android:name="android.intent.category.LAUNCHER" />
52-->src/main/AndroidManifest.xml:30:13-73
52-->src/main/AndroidManifest.xml:30:23-70
53            </intent-filter>
54        </activity>
55        <activity android:name="com.facebook.react.devsupport.DevSettingsActivity" />
55-->src/main/AndroidManifest.xml:33:7-84
55-->src/main/AndroidManifest.xml:33:17-81
56        <activity
56-->[com.google.firebase:firebase-auth:20.0.2] AndroidManifest.xml:27:9-44:20
57            android:name="com.google.firebase.auth.internal.GenericIdpActivity"
57-->[com.google.firebase:firebase-auth:20.0.2] AndroidManifest.xml:28:13-80
58            android:excludeFromRecents="true"
58-->[com.google.firebase:firebase-auth:20.0.2] AndroidManifest.xml:29:13-46
59            android:exported="true"
59-->[com.google.firebase:firebase-auth:20.0.2] AndroidManifest.xml:30:13-36
60            android:launchMode="singleTask"
60-->[com.google.firebase:firebase-auth:20.0.2] AndroidManifest.xml:31:13-44
61            android:theme="@android:style/Theme.Translucent.NoTitleBar" >
61-->[com.google.firebase:firebase-auth:20.0.2] AndroidManifest.xml:32:13-72
62            <intent-filter>
62-->[com.google.firebase:firebase-auth:20.0.2] AndroidManifest.xml:33:13-43:29
63                <action android:name="android.intent.action.VIEW" />
63-->[com.google.firebase:firebase-auth:20.0.2] AndroidManifest.xml:34:17-69
63-->[com.google.firebase:firebase-auth:20.0.2] AndroidManifest.xml:34:25-66
64
65                <category android:name="android.intent.category.DEFAULT" />
65-->[com.google.firebase:firebase-auth:20.0.2] AndroidManifest.xml:36:17-76
65-->[com.google.firebase:firebase-auth:20.0.2] AndroidManifest.xml:36:27-73
66                <category android:name="android.intent.category.BROWSABLE" />
66-->[com.google.firebase:firebase-auth:20.0.2] AndroidManifest.xml:37:17-78
66-->[com.google.firebase:firebase-auth:20.0.2] AndroidManifest.xml:37:27-75
67
68                <data
68-->[com.google.firebase:firebase-auth:20.0.2] AndroidManifest.xml:39:17-42:51
69                    android:host="firebase.auth"
69-->[com.google.firebase:firebase-auth:20.0.2] AndroidManifest.xml:40:21-49
70                    android:path="/"
70-->[com.google.firebase:firebase-auth:20.0.2] AndroidManifest.xml:41:21-37
71                    android:scheme="genericidp" />
71-->[com.google.firebase:firebase-auth:20.0.2] AndroidManifest.xml:42:21-48
72            </intent-filter>
73        </activity>
74        <activity
74-->[com.google.firebase:firebase-auth:20.0.2] AndroidManifest.xml:45:9-62:20
75            android:name="com.google.firebase.auth.internal.RecaptchaActivity"
75-->[com.google.firebase:firebase-auth:20.0.2] AndroidManifest.xml:46:13-79
76            android:excludeFromRecents="true"
76-->[com.google.firebase:firebase-auth:20.0.2] AndroidManifest.xml:47:13-46
77            android:exported="true"
77-->[com.google.firebase:firebase-auth:20.0.2] AndroidManifest.xml:48:13-36
78            android:launchMode="singleTask"
78-->[com.google.firebase:firebase-auth:20.0.2] AndroidManifest.xml:49:13-44
79            android:theme="@android:style/Theme.Translucent.NoTitleBar" >
79-->[com.google.firebase:firebase-auth:20.0.2] AndroidManifest.xml:50:13-72
80            <intent-filter>
80-->[com.google.firebase:firebase-auth:20.0.2] AndroidManifest.xml:51:13-61:29
81                <action android:name="android.intent.action.VIEW" />
81-->[com.google.firebase:firebase-auth:20.0.2] AndroidManifest.xml:34:17-69
81-->[com.google.firebase:firebase-auth:20.0.2] AndroidManifest.xml:34:25-66
82
83                <category android:name="android.intent.category.DEFAULT" />
83-->[com.google.firebase:firebase-auth:20.0.2] AndroidManifest.xml:36:17-76
83-->[com.google.firebase:firebase-auth:20.0.2] AndroidManifest.xml:36:27-73
84                <category android:name="android.intent.category.BROWSABLE" />
84-->[com.google.firebase:firebase-auth:20.0.2] AndroidManifest.xml:37:17-78
84-->[com.google.firebase:firebase-auth:20.0.2] AndroidManifest.xml:37:27-75
85
86                <data
86-->[com.google.firebase:firebase-auth:20.0.2] AndroidManifest.xml:39:17-42:51
87                    android:host="firebase.auth"
87-->[com.google.firebase:firebase-auth:20.0.2] AndroidManifest.xml:40:21-49
88                    android:path="/"
88-->[com.google.firebase:firebase-auth:20.0.2] AndroidManifest.xml:41:21-37
89                    android:scheme="recaptcha" />
89-->[com.google.firebase:firebase-auth:20.0.2] AndroidManifest.xml:42:21-48
90            </intent-filter>
91        </activity>
92
93        <service
93-->[com.google.firebase:firebase-auth:20.0.2] AndroidManifest.xml:64:9-73:19
94            android:name="com.google.firebase.auth.api.fallback.service.FirebaseAuthFallbackService"
94-->[com.google.firebase:firebase-auth:20.0.2] AndroidManifest.xml:65:13-101
95            android:enabled="true"
95-->[com.google.firebase:firebase-auth:20.0.2] AndroidManifest.xml:66:13-35
96            android:exported="false" >
96-->[com.google.firebase:firebase-auth:20.0.2] AndroidManifest.xml:67:13-37
97            <intent-filter>
97-->[com.google.firebase:firebase-auth:20.0.2] AndroidManifest.xml:68:13-72:29
98                <action android:name="com.google.firebase.auth.api.gms.service.START" />
98-->[com.google.firebase:firebase-auth:20.0.2] AndroidManifest.xml:69:17-89
98-->[com.google.firebase:firebase-auth:20.0.2] AndroidManifest.xml:69:25-86
99
100                <category android:name="android.intent.category.DEFAULT" />
100-->[com.google.firebase:firebase-auth:20.0.2] AndroidManifest.xml:36:17-76
100-->[com.google.firebase:firebase-auth:20.0.2] AndroidManifest.xml:36:27-73
101            </intent-filter>
102        </service>
103        <service
103-->[com.google.firebase:firebase-auth:20.0.2] AndroidManifest.xml:74:9-80:19
104            android:name="com.google.firebase.components.ComponentDiscoveryService"
104-->[com.google.firebase:firebase-auth:20.0.2] AndroidManifest.xml:75:13-84
105            android:directBootAware="true"
105-->[com.google.firebase:firebase-common:19.5.0] AndroidManifest.xml:35:13-43
106            android:exported="false" >
106-->[com.google.firebase:firebase-auth:20.0.2] AndroidManifest.xml:76:13-37
107            <meta-data
107-->[com.google.firebase:firebase-auth:20.0.2] AndroidManifest.xml:77:13-79:85
108                android:name="com.google.firebase.components:com.google.firebase.auth.FirebaseAuthRegistrar"
108-->[com.google.firebase:firebase-auth:20.0.2] AndroidManifest.xml:78:17-109
109                android:value="com.google.firebase.components.ComponentRegistrar" />
109-->[com.google.firebase:firebase-auth:20.0.2] AndroidManifest.xml:79:17-82
110            <meta-data
110-->[com.google.firebase:firebase-database:19.6.0] AndroidManifest.xml:32:13-34:85
111                android:name="com.google.firebase.components:com.google.firebase.database.DatabaseRegistrar"
111-->[com.google.firebase:firebase-database:19.6.0] AndroidManifest.xml:33:17-109
112                android:value="com.google.firebase.components.ComponentRegistrar" />
112-->[com.google.firebase:firebase-database:19.6.0] AndroidManifest.xml:34:17-82
113            <!--
114                This registrar is not defined in the dynamic-module-support sdk itself to allow non-firebase
115                clients to use it as well, by defining this registrar in their own core/common library.
116            -->
117            <meta-data
117-->[com.google.firebase:firebase-common:19.5.0] AndroidManifest.xml:43:13-45:85
118                android:name="com.google.firebase.components:com.google.firebase.dynamicloading.DynamicLoadingRegistrar"
118-->[com.google.firebase:firebase-common:19.5.0] AndroidManifest.xml:44:17-121
119                android:value="com.google.firebase.components.ComponentRegistrar" />
119-->[com.google.firebase:firebase-common:19.5.0] AndroidManifest.xml:45:17-82
120        </service>
121
122        <provider
122-->[com.google.firebase:firebase-common:19.5.0] AndroidManifest.xml:26:9-31:39
123            android:name="com.google.firebase.provider.FirebaseInitProvider"
123-->[com.google.firebase:firebase-common:19.5.0] AndroidManifest.xml:27:13-77
124            android:authorities="com.pelicandiscount.firebaseinitprovider"
124-->[com.google.firebase:firebase-common:19.5.0] AndroidManifest.xml:28:13-72
125            android:directBootAware="true"
125-->[com.google.firebase:firebase-common:19.5.0] AndroidManifest.xml:29:13-43
126            android:exported="false"
126-->[com.google.firebase:firebase-common:19.5.0] AndroidManifest.xml:30:13-37
127            android:initOrder="100" />
127-->[com.google.firebase:firebase-common:19.5.0] AndroidManifest.xml:31:13-36
128
129        <activity
129-->[com.google.android.gms:play-services-auth:19.0.0] AndroidManifest.xml:23:9-27:75
130            android:name="com.google.android.gms.auth.api.signin.internal.SignInHubActivity"
130-->[com.google.android.gms:play-services-auth:19.0.0] AndroidManifest.xml:24:13-93
131            android:excludeFromRecents="true"
131-->[com.google.android.gms:play-services-auth:19.0.0] AndroidManifest.xml:25:13-46
132            android:exported="false"
132-->[com.google.android.gms:play-services-auth:19.0.0] AndroidManifest.xml:26:13-37
133            android:theme="@android:style/Theme.Translucent.NoTitleBar" />
133-->[com.google.android.gms:play-services-auth:19.0.0] AndroidManifest.xml:27:13-72
134        <!--
135            Service handling Google Sign-In user revocation. For apps that do not integrate with
136            Google Sign-In, this service will never be started.
137        -->
138        <service
138-->[com.google.android.gms:play-services-auth:19.0.0] AndroidManifest.xml:33:9-37:51
139            android:name="com.google.android.gms.auth.api.signin.RevocationBoundService"
139-->[com.google.android.gms:play-services-auth:19.0.0] AndroidManifest.xml:34:13-89
140            android:exported="true"
140-->[com.google.android.gms:play-services-auth:19.0.0] AndroidManifest.xml:35:13-36
141            android:permission="com.google.android.gms.auth.api.signin.permission.REVOCATION_NOTIFICATION"
141-->[com.google.android.gms:play-services-auth:19.0.0] AndroidManifest.xml:36:13-107
142            android:visibleToInstantApps="true" /> <!-- Needs to be explicitly declared on P+ -->
142-->[com.google.android.gms:play-services-auth:19.0.0] AndroidManifest.xml:37:13-48
143        <uses-library
143-->[com.google.android.gms:play-services-maps:17.0.0] AndroidManifest.xml:33:9-35:40
144            android:name="org.apache.http.legacy"
144-->[com.google.android.gms:play-services-maps:17.0.0] AndroidManifest.xml:34:13-50
145            android:required="false" />
145-->[com.google.android.gms:play-services-maps:17.0.0] AndroidManifest.xml:35:13-37
146
147        <activity
147-->[com.google.android.gms:play-services-base:17.1.0] AndroidManifest.xml:23:9-26:75
148            android:name="com.google.android.gms.common.api.GoogleApiActivity"
148-->[com.google.android.gms:play-services-base:17.1.0] AndroidManifest.xml:24:13-79
149            android:exported="false"
149-->[com.google.android.gms:play-services-base:17.1.0] AndroidManifest.xml:25:13-37
150            android:theme="@android:style/Theme.Translucent.NoTitleBar" />
150-->[com.google.android.gms:play-services-base:17.1.0] AndroidManifest.xml:26:13-72
151
152        <meta-data
152-->[com.google.android.gms:play-services-basement:17.1.1] AndroidManifest.xml:23:9-25:69
153            android:name="com.google.android.gms.version"
153-->[com.google.android.gms:play-services-basement:17.1.1] AndroidManifest.xml:24:13-58
154            android:value="@integer/google_play_services_version" />
154-->[com.google.android.gms:play-services-basement:17.1.1] AndroidManifest.xml:25:13-66
155    </application>
156
157</manifest>